빌드 시작: 2018-08-12 오후 11:11:58
     1>2 노드의 "C:\Users\권영주\Desktop\vector\vector\vector.vcxproj" 프로젝트(Build 대상)입니다.
     1>ClCompile:
         C:\Program Files (x86)\Microsoft Visual Studio 12.0\VC\bin\CL.exe /c /ZI /nologo /W3 /WX- /Od /Oy- /D WIN32 /D _DEBUG /D _CONSOLE /D _LIB /D _UNICODE /D UNICODE /Gm /EHsc /RTC1 /MDd /GS /fp:precise /Zc:wchar_t /Zc:forScope /Fo"Debug\\" /Fd"Debug\vc120.pdb" /Gd /TC /analyze- /errorReport:prompt main.c vector.c
         vector.c
     1>c:\users\권영주\desktop\vector\vector\vector.c(31): warning C4028: 정식 매개 변수 2이(가) 선언과 다릅니다.
     1>c:\users\권영주\desktop\vector\vector\vector.c(37): warning C4028: 정식 매개 변수 2이(가) 선언과 다릅니다.
     1>c:\users\권영주\desktop\vector\vector\vector.c(48): warning C4029: 선언된 정식 매개 변수 목록이 정의와 다릅니다.
         main.c
     1>c:\users\권영주\desktop\vector\vector\main.c(19): warning C4047: '함수' : 'int'의 간접 참조 수준이 'int *'과(와) 다릅니다.
     1>c:\users\권영주\desktop\vector\vector\main.c(19): warning C4024: 'insert' : 형식 및 실제 매개 변수 2의 형식이 서로 다릅니다.
     1>c:\users\권영주\desktop\vector\vector\main.c(20): warning C4047: '함수' : 'int'의 간접 참조 수준이 'int *'과(와) 다릅니다.
     1>c:\users\권영주\desktop\vector\vector\main.c(20): warning C4024: 'erase' : 형식 및 실제 매개 변수 2의 형식이 서로 다릅니다.
         코드를 생성하고 있습니다...
       Link:
         C:\Program Files (x86)\Microsoft Visual Studio 12.0\VC\bin\link.exe /ERRORREPORT:PROMPT /OUT:"C:\Users\권영주\Desktop\vector\Debug\vector.exe" /INCREMENTAL /NOLOGO kernel32.lib user32.lib gdi32.lib winspool.lib comdlg32.lib advapi32.lib shell32.lib ole32.lib oleaut32.lib uuid.lib odbc32.lib odbccp32.lib /MANIFEST /MANIFESTUAC:"level='asInvoker' uiAccess='false'" /manifest:embed /DEBUG /PDB:"C:\Users\권영주\Desktop\vector\Debug\vector.pdb" /SUBSYSTEM:CONSOLE /TLBID:1 /DYNAMICBASE /NXCOMPAT /IMPLIB:"C:\Users\권영주\Desktop\vector\Debug\vector.lib" /MACHINE:X86 Debug\main.obj
         Debug\vector.obj
         vector.vcxproj -> C:\Users\권영주\Desktop\vector\Debug\vector.exe
     1>"C:\Users\권영주\Desktop\vector\vector\vector.vcxproj" 프로젝트를 빌드했습니다(Build 대상).

빌드했습니다.

경과 시간: 00:00:01.04
